<?xml version="1.0" encoding="UTF-8"?>
<robot generator="Robot 4.0 (Python 3.9.4 on win32)" generated="20210412 08:49:57.172" rpa="false" schemaversion="2">
<suite id="s1" name="Tc" source="C:\Users\ndthang5\PycharmProjects\TestPOM\BaseTest\Tc.robot">
<test id="s1-t1" name="TC1. Go To Contact Us Page">
<kw name="Go To Home Page" library="HomePage" type="SETUP">
<kw name="Open Browser" library="SeleniumLibrary">
<arg>${Home Page Url}</arg>
<arg>${Browser}</arg>
<doc>Opens a new browser instance to the optional ``url``.</doc>
<msg timestamp="20210412 08:49:57.420" level="INFO">Opening browser 'Chrome' to base url 'http://automationpractice.com/index.php'.</msg>
<status status="PASS" starttime="20210412 08:49:57.420" endtime="20210412 08:50:08.881"/>
</kw>
<kw name="Maximize Browser Window" library="SeleniumLibrary">
<doc>Maximizes current browser window.</doc>
<status status="PASS" starttime="20210412 08:50:08.881" endtime="20210412 08:50:08.995"/>
</kw>
<status status="PASS" starttime="20210412 08:49:57.419" endtime="20210412 08:50:08.995"/>
</kw>
<kw name="Go To Contact Us Page" library="HomePage">
<kw name="Click Element" library="SeleniumLibrary">
<arg>${Contact Us}</arg>
<doc>Click the element identified by ``locator``.</doc>
<msg timestamp="20210412 08:50:08.996" level="INFO">Clicking element 'xpath://*[@id='contact-link']/a'.</msg>
<status status="PASS" starttime="20210412 08:50:08.996" endtime="20210412 08:50:10.579"/>
</kw>
<kw name="Contact Us Page Should Be Open" library="PageShouldBeOpen">
<kw name="Title Should Be" library="SeleniumLibrary">
<arg>${Contact Us Page Title}</arg>
<doc>Verifies that the current page title equals ``title``.</doc>
<msg timestamp="20210412 08:50:10.585" level="INFO">Page title is 'Contact us - My Store'.</msg>
<status status="PASS" starttime="20210412 08:50:10.580" endtime="20210412 08:50:10.585"/>
</kw>
<kw name="Location Should Be" library="SeleniumLibrary">
<arg>${Contact Us Page Url}</arg>
<doc>Verifies that the current URL is exactly ``url``.</doc>
<msg timestamp="20210412 08:50:10.588" level="INFO">Current location is 'http://automationpractice.com/index.php?controller=contact'.</msg>
<status status="PASS" starttime="20210412 08:50:10.585" endtime="20210412 08:50:10.589"/>
</kw>
<status status="PASS" starttime="20210412 08:50:10.579" endtime="20210412 08:50:10.589"/>
</kw>
<status status="PASS" starttime="20210412 08:50:08.995" endtime="20210412 08:50:10.589"/>
</kw>
<kw name="Wait And Close Browser After Running Testcase" library="HomePage" type="TEARDOWN">
<kw name="Sleep" library="BuiltIn">
<arg>3</arg>
<doc>Pauses the test executed for the given time.</doc>
<msg timestamp="20210412 08:50:13.594" level="INFO">Slept 3 seconds</msg>
<status status="PASS" starttime="20210412 08:50:10.589" endtime="20210412 08:50:13.594"/>
</kw>
<kw name="Close All Browsers" library="SeleniumLibrary">
<doc>Closes all open browsers and resets the browser cache.</doc>
<status status="PASS" starttime="20210412 08:50:13.594" endtime="20210412 08:50:15.951"/>
</kw>
<status status="PASS" starttime="20210412 08:50:10.589" endtime="20210412 08:50:15.952"/>
</kw>
<status status="PASS" starttime="20210412 08:49:57.419" endtime="20210412 08:50:15.952"/>
</test>
<status status="PASS" starttime="20210412 08:49:57.176" endtime="20210412 08:50:15.955"/>
</suite>
<statistics>
<total>
<stat pass="1" fail="0" skip="0">All Tests</stat>
</total>
<tag>
</tag>
<suite>
<stat pass="1" fail="0" skip="0" id="s1" name="Tc">Tc</stat>
</suite>
</statistics>
<errors>
</errors>
</robot>
